{"/Users/robert/own_projects/todo-test/todo-front/src/components/DndTodo.jsx": {"path":"/Users/robert/own_projects/todo-test/todo-front/src/components/DndTodo.jsx","statementMap":{"0":{"start":{"line":9,"column":8},"end":{"line":9,"column":36}},"1":{"start":{"line":11,"column":18},"end":{"line":14,"column":5}},"2":{"start":{"line":16,"column":4},"end":{"line":39,"column":5}}},"fnMap":{"0":{"name":"DndTodo","decl":{"start":{"line":7,"column":24},"end":{"line":7,"column":31}},"loc":{"start":{"line":7,"column":62},"end":{"line":40,"column":1}},"line":7}},"branchMap":{},"s":{"0":5,"1":5,"2":5},"f":{"0":5},"b":{},"_coverageSchema":"1a1c01bbd47fc00a2c39e90264f33305004495a9","hash":"79c80c088d6c12088f2bc1cfa67e057f0cd16d0d"}
,"/Users/robert/own_projects/todo-test/todo-front/src/components/Separator.jsx": {"path":"/Users/robert/own_projects/todo-test/todo-front/src/components/Separator.jsx","statementMap":{"0":{"start":{"line":3,"column":18},"end":{"line":7,"column":1}},"1":{"start":{"line":4,"column":2},"end":{"line":6,"column":4}}},"fnMap":{"0":{"name":"(anonymous_0)","decl":{"start":{"line":3,"column":18},"end":{"line":3,"column":19}},"loc":{"start":{"line":3,"column":60},"end":{"line":7,"column":1}},"line":3}},"branchMap":{"0":{"loc":{"start":{"line":3,"column":21},"end":{"line":3,"column":35}},"type":"default-arg","locations":[{"start":{"line":3,"column":29},"end":{"line":3,"column":35}}],"line":3},"1":{"loc":{"start":{"line":3,"column":37},"end":{"line":3,"column":54}},"type":"default-arg","locations":[{"start":{"line":3,"column":49},"end":{"line":3,"column":54}}],"line":3}},"s":{"0":1,"1":2},"f":{"0":2},"b":{"0":[1],"1":[1]},"_coverageSchema":"1a1c01bbd47fc00a2c39e90264f33305004495a9","hash":"00abd8c23bf7e5420e920b8ec90408382e175b01"}
,"/Users/robert/own_projects/todo-test/todo-front/src/components/StyledTodo.js": {"path":"/Users/robert/own_projects/todo-test/todo-front/src/components/StyledTodo.js","statementMap":{"0":{"start":{"line":3,"column":19},"end":{"line":22,"column":1}},"1":{"start":{"line":6,"column":30},"end":{"line":6,"column":71}}},"fnMap":{"0":{"name":"(anonymous_0)","decl":{"start":{"line":6,"column":21},"end":{"line":6,"column":22}},"loc":{"start":{"line":6,"column":30},"end":{"line":6,"column":71}},"line":6}},"branchMap":{"0":{"loc":{"start":{"line":6,"column":30},"end":{"line":6,"column":71}},"type":"cond-expr","locations":[{"start":{"line":6,"column":45},"end":{"line":6,"column":59}},{"start":{"line":6,"column":62},"end":{"line":6,"column":71}}],"line":6}},"s":{"0":1,"1":5},"f":{"0":5},"b":{"0":[0,5]},"_coverageSchema":"1a1c01bbd47fc00a2c39e90264f33305004495a9","hash":"14ea030291ee3def7c283d1855b85d4fa983e93c"}
,"/Users/robert/own_projects/todo-test/todo-front/src/components/TodoForm.jsx": {"path":"/Users/robert/own_projects/todo-test/todo-front/src/components/TodoForm.jsx","statementMap":{"0":{"start":{"line":4,"column":21},"end":{"line":4,"column":35}},"1":{"start":{"line":6,"column":21},"end":{"line":8,"column":1}},"2":{"start":{"line":9,"column":16},"end":{"line":16,"column":1}},"3":{"start":{"line":10,"column":4},"end":{"line":15,"column":5}},"4":{"start":{"line":12,"column":12},"end":{"line":12,"column":58}},"5":{"start":{"line":14,"column":12},"end":{"line":14,"column":24}},"6":{"start":{"line":19,"column":30},"end":{"line":19,"column":63}},"7":{"start":{"line":20,"column":53},"end":{"line":20,"column":76}},"8":{"start":{"line":22,"column":26},"end":{"line":24,"column":5}},"9":{"start":{"line":23,"column":8},"end":{"line":23,"column":56}},"10":{"start":{"line":26,"column":22},"end":{"line":28,"column":5}},"11":{"start":{"line":27,"column":8},"end":{"line":27,"column":53}},"12":{"start":{"line":30,"column":22},"end":{"line":39,"column":5}},"13":{"start":{"line":31,"column":8},"end":{"line":31,"column":28}},"14":{"start":{"line":32,"column":64},"end":{"line":32,"column":69}},"15":{"start":{"line":33,"column":8},"end":{"line":38,"column":55}},"16":{"start":{"line":36,"column":16},"end":{"line":36,"column":27}},"17":{"start":{"line":38,"column":25},"end":{"line":38,"column":54}},"18":{"start":{"line":41,"column":4},"end":{"line":66,"column":5}}},"fnMap":{"0":{"name":"(anonymous_0)","decl":{"start":{"line":9,"column":16},"end":{"line":9,"column":17}},"loc":{"start":{"line":9,"column":35},"end":{"line":16,"column":1}},"line":9},"1":{"name":"TodoForm","decl":{"start":{"line":18,"column":24},"end":{"line":18,"column":32}},"loc":{"start":{"line":18,"column":35},"end":{"line":67,"column":1}},"line":18},"2":{"name":"(anonymous_2)","decl":{"start":{"line":22,"column":26},"end":{"line":22,"column":27}},"loc":{"start":{"line":22,"column":53},"end":{"line":24,"column":5}},"line":22},"3":{"name":"(anonymous_3)","decl":{"start":{"line":26,"column":22},"end":{"line":26,"column":23}},"loc":{"start":{"line":26,"column":28},"end":{"line":28,"column":5}},"line":26},"4":{"name":"(anonymous_4)","decl":{"start":{"line":30,"column":22},"end":{"line":30,"column":23}},"loc":{"start":{"line":30,"column":35},"end":{"line":39,"column":5}},"line":30},"5":{"name":"(anonymous_5)","decl":{"start":{"line":35,"column":18},"end":{"line":35,"column":19}},"loc":{"start":{"line":35,"column":24},"end":{"line":37,"column":13}},"line":35},"6":{"name":"(anonymous_6)","decl":{"start":{"line":38,"column":19},"end":{"line":38,"column":20}},"loc":{"start":{"line":38,"column":25},"end":{"line":38,"column":54}},"line":38}},"branchMap":{"0":{"loc":{"start":{"line":10,"column":4},"end":{"line":15,"column":5}},"type":"switch","locations":[{"start":{"line":11,"column":8},"end":{"line":12,"column":58}},{"start":{"line":13,"column":8},"end":{"line":14,"column":24}}],"line":10},"1":{"loc":{"start":{"line":43,"column":36},"end":{"line":43,"column":83}},"type":"binary-expr","locations":[{"start":{"line":43,"column":36},"end":{"line":43,"column":51}},{"start":{"line":43,"column":55},"end":{"line":43,"column":83}}],"line":43}},"s":{"0":1,"1":1,"2":1,"3":2,"4":2,"5":0,"6":6,"7":6,"8":6,"9":2,"10":6,"11":0,"12":6,"13":0,"14":0,"15":0,"16":0,"17":0,"18":6},"f":{"0":2,"1":6,"2":2,"3":0,"4":0,"5":0,"6":0},"b":{"0":[2,0],"1":[6,0]},"_coverageSchema":"1a1c01bbd47fc00a2c39e90264f33305004495a9","hash":"cc0e83ff38465a2b186363e1ee5eaab19408c9be"}
,"/Users/robert/own_projects/todo-test/todo-front/src/state/store.js": {"path":"/Users/robert/own_projects/todo-test/todo-front/src/state/store.js","statementMap":{"0":{"start":{"line":4,"column":21},"end":{"line":11,"column":2}},"1":{"start":{"line":8,"column":30},"end":{"line":10,"column":5}}},"fnMap":{"0":{"name":"(anonymous_0)","decl":{"start":{"line":8,"column":16},"end":{"line":8,"column":17}},"loc":{"start":{"line":8,"column":30},"end":{"line":10,"column":5}},"line":8}},"branchMap":{},"s":{"0":1,"1":1},"f":{"0":1},"b":{},"_coverageSchema":"1a1c01bbd47fc00a2c39e90264f33305004495a9","hash":"47e07582714ade8598b3cd19626a03ecd6272961"}
,"/Users/robert/own_projects/todo-test/todo-front/src/state/todosApi.js": {"path":"/Users/robert/own_projects/todo-test/todo-front/src/state/todosApi.js","statementMap":{"0":{"start":{"line":3,"column":16},"end":{"line":3,"column":77}},"1":{"start":{"line":5,"column":24},"end":{"line":38,"column":2}},"2":{"start":{"line":9,"column":25},"end":{"line":37,"column":5}},"3":{"start":{"line":11,"column":25},"end":{"line":11,"column":32}},"4":{"start":{"line":15,"column":38},"end":{"line":19,"column":13}},"5":{"start":{"line":23,"column":28},"end":{"line":27,"column":13}},"6":{"start":{"line":31,"column":31},"end":{"line":34,"column":13}},"7":{"start":{"line":45,"column":4},"end":{"line":45,"column":12}}},"fnMap":{"0":{"name":"(anonymous_0)","decl":{"start":{"line":9,"column":15},"end":{"line":9,"column":16}},"loc":{"start":{"line":9,"column":25},"end":{"line":37,"column":5}},"line":9},"1":{"name":"(anonymous_1)","decl":{"start":{"line":11,"column":19},"end":{"line":11,"column":20}},"loc":{"start":{"line":11,"column":25},"end":{"line":11,"column":32}},"line":11},"2":{"name":"(anonymous_2)","decl":{"start":{"line":15,"column":19},"end":{"line":15,"column":20}},"loc":{"start":{"line":15,"column":38},"end":{"line":19,"column":13}},"line":15},"3":{"name":"(anonymous_3)","decl":{"start":{"line":23,"column":19},"end":{"line":23,"column":20}},"loc":{"start":{"line":23,"column":28},"end":{"line":27,"column":13}},"line":23},"4":{"name":"(anonymous_4)","decl":{"start":{"line":31,"column":19},"end":{"line":31,"column":20}},"loc":{"start":{"line":31,"column":31},"end":{"line":34,"column":13}},"line":31}},"branchMap":{"0":{"loc":{"start":{"line":3,"column":16},"end":{"line":3,"column":77}},"type":"binary-expr","locations":[{"start":{"line":3,"column":16},"end":{"line":3,"column":45}},{"start":{"line":3,"column":49},"end":{"line":3,"column":77}}],"line":3}},"s":{"0":1,"1":1,"2":1,"3":0,"4":0,"5":0,"6":0,"7":1},"f":{"0":1,"1":0,"2":0,"3":0,"4":0},"b":{"0":[1,1]},"_coverageSchema":"1a1c01bbd47fc00a2c39e90264f33305004495a9","hash":"77bdd337fb351c7955751e09d7ef3280e13fdf4c"}
}
