TN:
SF:src/components/DndTodo.jsx
FN:7,DndTodo
FNF:1
FNH:1
FNDA:5,DndTodo
DA:9,5
DA:11,5
DA:16,5
LF:3
LH:3
BRF:0
BRH:0
end_of_record
TN:
SF:src/components/Separator.jsx
FN:3,(anonymous_0)
FNF:1
FNH:1
FNDA:2,(anonymous_0)
DA:3,1
DA:4,2
LF:2
LH:2
BRDA:3,0,0,1
BRDA:3,1,0,1
BRF:2
BRH:2
end_of_record
TN:
SF:src/components/SpinnerWithCountDown.jsx
FN:4,(anonymous_0)
FN:7,(anonymous_1)
FN:8,(anonymous_2)
FN:15,(anonymous_3)
FNF:4
FNH:4
FNDA:3,(anonymous_0)
FNDA:3,(anonymous_1)
FNDA:1,(anonymous_2)
FNDA:3,(anonymous_3)
DA:4,1
DA:5,3
DA:7,3
DA:8,3
DA:9,1
DA:10,1
DA:15,3
DA:18,3
LF:8
LH:8
BRDA:9,0,0,1
BRDA:9,0,1,0
BRF:2
BRH:1
end_of_record
TN:
SF:src/components/StyledTodo.js
FN:6,(anonymous_0)
FNF:1
FNH:1
FNDA:5,(anonymous_0)
DA:3,1
DA:6,5
LF:2
LH:2
BRDA:6,0,0,0
BRDA:6,0,1,5
BRF:2
BRH:1
end_of_record
TN:
SF:src/components/TodoForm.jsx
FN:9,(anonymous_0)
FN:18,TodoForm
FN:22,(anonymous_2)
FN:26,(anonymous_3)
FN:30,(anonymous_4)
FN:35,(anonymous_5)
FN:38,(anonymous_6)
FNF:7
FNH:3
FNDA:2,(anonymous_0)
FNDA:6,TodoForm
FNDA:2,(anonymous_2)
FNDA:0,(anonymous_3)
FNDA:0,(anonymous_4)
FNDA:0,(anonymous_5)
FNDA:0,(anonymous_6)
DA:4,1
DA:6,1
DA:9,1
DA:10,2
DA:12,2
DA:14,0
DA:19,6
DA:20,6
DA:22,6
DA:23,2
DA:26,6
DA:27,0
DA:30,6
DA:31,0
DA:32,0
DA:33,0
DA:36,0
DA:38,0
DA:41,6
LF:19
LH:12
BRDA:10,0,0,2
BRDA:10,0,1,0
BRDA:43,1,0,6
BRDA:43,1,1,0
BRF:4
BRH:2
end_of_record
TN:
SF:src/state/store.js
FN:8,(anonymous_0)
FNF:1
FNH:1
FNDA:1,(anonymous_0)
DA:4,1
DA:8,1
LF:2
LH:2
BRF:0
BRH:0
end_of_record
TN:
SF:src/state/todosApi.js
FN:9,(anonymous_0)
FN:11,(anonymous_1)
FN:15,(anonymous_2)
FN:23,(anonymous_3)
FN:31,(anonymous_4)
FNF:5
FNH:1
FNDA:1,(anonymous_0)
FNDA:0,(anonymous_1)
FNDA:0,(anonymous_2)
FNDA:0,(anonymous_3)
FNDA:0,(anonymous_4)
DA:3,1
DA:5,1
DA:9,1
DA:11,0
DA:15,0
DA:23,0
DA:31,0
DA:45,1
LF:8
LH:4
BRDA:3,0,0,1
BRDA:3,0,1,1
BRF:2
BRH:2
end_of_record
